#
# There is insufficient memory for the Java Runtime Environment to continue.
# Native memory allocation (malloc) failed to allocate 1048576 bytes for AllocateHeap
# Possible reasons:
#   The system is out of physical RAM or swap space
#   In 32 bit mode, the process size limit was hit
# Possible solutions:
#   Reduce memory load on the system
#   Increase physical memory or swap space
#   Check if swap backing store is full
#   Use 64 bit Java on a 64 bit OS
#   Decrease Java heap size (-Xmx/-Xms)
#   Decrease number of Java threads
#   Decrease Java thread stack sizes (-Xss)
#   Set larger code cache with -XX:ReservedCodeCacheSize=
# This output file may be truncated or incomplete.
#
#  Out of Memory Error (memory/allocation.inline.hpp:61), pid=15192, tid=5472
#
# JRE version:  (8.0_91-b14) (build )
# Java VM: Java HotSpot(TM) 64-Bit Server VM (25.91-b14 mixed mode windows-amd64 compressed oops)
# Failed to write core dump. Minidumps are not enabled by default on client versions of Windows
#

---------------  T H R E A D  ---------------

Current thread (0x0000000002510800):  JavaThread "Unknown thread" [_thread_in_vm, id=5472, stack(0x00000000020b0000,0x00000000021b0000)]

Stack: [0x00000000020b0000,0x00000000021b0000]
[error occurred during error reporting (printing stack bounds), id 0xc0000005]

Native frames: (J=compiled Java code, j=interpreted, Vv=VM code, C=native code)


---------------  P R O C E S S  ---------------

Java Threads: ( => current thread )

Other Threads:

=>0x0000000002510800 (exited) JavaThread "Unknown thread" [_thread_in_vm, id=5472, stack(0x00000000020b0000,0x00000000021b0000)]

VM state:not at safepoint (normal execution)

VM Mutex/Monitor currently owned by a thread: None

Heap:
 PSYoungGen      total 38400K, used 665K [0x00000000d5f80000, 0x00000000d8a00000, 0x0000000100000000)
  eden space 33280K, 2% used [0x00000000d5f80000,0x00000000d6026670,0x00000000d8000000)
  from space 5120K, 0% used [0x00000000d8500000,0x00000000d8500000,0x00000000d8a00000)
  to   space 5120K, 0% used [0x00000000d8000000,0x00000000d8000000,0x00000000d8500000)
 ParOldGen       total 87552K, used 0K [0x0000000081e00000, 0x0000000087380000, 0x00000000d5f80000)
  object space 87552K, 0% used [0x0000000081e00000,0x0000000081e00000,0x0000000087380000)
 Metaspace       used 746K, capacity 4480K, committed 4480K, reserved 1056768K
  class space    used 75K, capacity 384K, committed 384K, reserved 1048576K

Card table byte_map: [0x0000000011ad0000,0x0000000011ed0000] byte_map_base: 0x00000000116c1000

Marking Bits: (ParMarkBitMap*) 0x0000000076472f70
 Begin Bits: [0x0000000012980000, 0x0000000014908000)
 End Bits:   [0x0000000014908000, 0x0000000016890000)

Polling page: 0x0000000000930000

CodeCache: size=245760Kb used=328Kb max_used=328Kb free=245431Kb
 bounds [0x0000000002710000, 0x0000000002980000, 0x0000000011710000]
 total_blobs=58 nmethods=0 adapters=38
 compilation: enabled

Compilation events (0 events):
No events

GC Heap History (0 events):
No events

Deoptimization events (0 events):
No events

Internal exceptions (0 events):
No events

Events (10 events):
Event: 0.037 loading class java/lang/Short
Event: 0.037 loading class java/lang/Short done
Event: 0.037 loading class java/lang/Integer
Event: 0.037 loading class java/lang/Integer done
Event: 0.037 loading class java/lang/Long
Event: 0.037 loading class java/lang/Long done
Event: 0.037 loading class java/lang/NullPointerException
Event: 0.037 loading class java/lang/NullPointerException done
Event: 0.037 loading class java/lang/ArithmeticException
Event: 0.037 loading class java/lang/ArithmeticException done


Dynamic libraries:
0x00007ff6281f0000 - 0x00007ff628227000 	C:\Program Files\Java\jre1.8.0_91\bin\javaw.exe
0x00007ffb72b70000 - 0x00007ffb72d1d000 	C:\Windows\SYSTEM32\ntdll.dll
0x00007ffb71eb0000 - 0x00007ffb71fee000 	C:\Windows\system32\KERNEL32.DLL
0x00007ffb6fde0000 - 0x00007ffb6fef5000 	C:\Windows\system32\KERNELBASE.dll
0x00007ffb6e7f0000 - 0x00007ffb6e87e000 	C:\Windows\system32\apphelp.dll
0x00007ffb5ca40000 - 0x00007ffb5ca93000 	C:\Windows\AppPatch\AppPatch64\AcGenral.DLL
0x00007ffb722a0000 - 0x00007ffb7234a000 	C:\Windows\system32\msvcrt.dll
0x00007ffb6fdb0000 - 0x00007ffb6fdde000 	C:\Windows\system32\SspiCli.dll
0x00007ffb72060000 - 0x00007ffb720b4000 	C:\Windows\system32\SHLWAPI.dll
0x00007ffb72940000 - 0x00007ffb72ab7000 	C:\Windows\system32\USER32.dll
0x00007ffb72360000 - 0x00007ffb724f4000 	C:\Windows\system32\ole32.dll
0x00007ffb704f0000 - 0x00007ffb71a18000 	C:\Windows\system32\SHELL32.dll
0x00007ffb6f2a0000 - 0x00007ffb6f2c1000 	C:\Windows\SYSTEM32\USERENV.dll
0x00007ffb71a20000 - 0x00007ffb71aca000 	C:\Windows\system32\ADVAPI32.dll
0x00007ffb64d70000 - 0x00007ffb64d8e000 	C:\Windows\SYSTEM32\MPR.dll
0x00007ffb701f0000 - 0x00007ffb70330000 	C:\Windows\system32\RPCRT4.dll
0x00007ffb727e0000 - 0x00007ffb72839000 	C:\Windows\SYSTEM32\sechost.dll
0x00007ffb72500000 - 0x00007ffb72711000 	C:\Windows\SYSTEM32\combase.dll
0x00007ffb71b90000 - 0x00007ffb71cdf000 	C:\Windows\system32\GDI32.dll
0x00007ffb6fc90000 - 0x00007ffb6fca5000 	C:\Windows\SYSTEM32\profapi.dll
0x00007ffb6c960000 - 0x00007ffb6ca12000 	C:\Windows\SYSTEM32\SHCORE.dll
0x00007ffb72ac0000 - 0x00007ffb72af6000 	C:\Windows\system32\IMM32.DLL
0x00007ffb71ce0000 - 0x00007ffb71e32000 	C:\Windows\system32\MSCTF.dll
0x00007ffb6c4e0000 - 0x00007ffb6c75b000 	C:\Windows\WinSxS\amd64_microsoft.windows.common-controls_6595b64144ccf1df_6.0.9600.18006_none_623f33d3ecbe86e8\COMCTL32.dll
0x0000000075980000 - 0x0000000075a52000 	C:\Program Files\Java\jre1.8.0_91\bin\msvcr100.dll
0x0000000075c60000 - 0x00000000764f3000 	C:\Program Files\Java\jre1.8.0_91\bin\server\jvm.dll
0x00007ffb6d690000 - 0x00007ffb6d699000 	C:\Windows\SYSTEM32\WSOCK32.dll
0x00007ffb6b7e0000 - 0x00007ffb6b802000 	C:\Windows\SYSTEM32\WINMM.dll
0x00007ffb6ece0000 - 0x00007ffb6ecea000 	C:\Windows\SYSTEM32\VERSION.dll
0x00007ffb72b60000 - 0x00007ffb72b67000 	C:\Windows\system32\PSAPI.DLL
0x00007ffb72000000 - 0x00007ffb7205a000 	C:\Windows\system32\WS2_32.dll
0x00007ffb6b7a0000 - 0x00007ffb6b7ca000 	C:\Windows\SYSTEM32\WINMMBASE.dll
0x00007ffb72350000 - 0x00007ffb72359000 	C:\Windows\system32\NSI.dll
0x00007ffb6fd60000 - 0x00007ffb6fdaf000 	C:\Windows\SYSTEM32\cfgmgr32.dll
0x00007ffb6ea50000 - 0x00007ffb6ea78000 	C:\Windows\SYSTEM32\DEVOBJ.dll
0x0000000075b70000 - 0x0000000075b7f000 	C:\Program Files\Java\jre1.8.0_91\bin\verify.dll
0x0000000075b40000 - 0x0000000075b69000 	C:\Program Files\Java\jre1.8.0_91\bin\java.dll
0x0000000075b20000 - 0x0000000075b36000 	C:\Program Files\Java\jre1.8.0_91\bin\zip.dll

VM Arguments:
jvm_args: -Dfile.encoding=GBK 
java_command: com.Main
java_class_path (initial): G:\workspace\workshop2\Ticket\bin
Launcher Type: SUN_STANDARD

Environment Variables:
JAVA_HOME=C:\Program Files (x86)\Java\jdk1.8.0_91
CLASSPATH=C:\Program Files (x86)\Java\jdk1.8.0_91\lib\dt.jar;C:\Program Files (x86)\Java\jdk1.8.0_91\lib\tools.jar;
PATH=C:/Program Files/Java/jre1.8.0_91/bin/server;C:/Program Files/Java/jre1.8.0_91/bin;C:/Program Files/Java/jre1.8.0_91/lib/amd64;:\ProgramData\Oracle\Java\javapath;C:\Program Files (x86)\Intel\iCLS Client\;C:\Program Files\Intel\iCLS Client\;C:\Windows\system32;C:\Windows;C:\Windows\System32\Wbem;C:\Windows\System32\WindowsPowerShell\v1.0\;C:\Program Files\Intel\Intel(R) Management Engine Components\DAL;C:\Program Files (x86)\Intel\Intel(R) Management Engine Components\DAL;C:\Program Files\Intel\Intel(R) Management Engine Components\IPT;C:\Program Files (x86)\Intel\Intel(R) Management Engine Components\IPT;C:\Program Files (x86)\NVIDIA Corporation\PhysX\Common;C:\Windows\system32\config\systemprofile\.dnx\bin;C:\Program Files\Microsoft DNX\Dnvm\;C:\Program Files (x86)\Windows Kits\8.1\Windows Performance Toolkit\;C:\Program Files (x86)\Java\jdk1.8.0_91\bin;C:\Program Files (x86)\Java\jdk1.8.0_91\jre\bin;C:\Users\JOHN\AppData\Local\Android\Sdk\ndk-bundle;C:\Users\JOHN\Desktop;
USERNAME=JOHN
OS=Windows_NT
PROCESSOR_IDENTIFIER=Intel64 Family 6 Model 60 Stepping 3, GenuineIntel



---------------  S Y S T E M  ---------------

OS: Windows 8.1 , 64 bit Build 9600 (6.3.9600.17415)

CPU:total 8 (4 cores per cpu, 2 threads per core) family 6 model 60 stepping 3, cmov, cx8, fxsr, mmx, sse, sse2, sse3, ssse3, sse4.1, sse4.2, popcnt, avx, avx2, aes, clmul, erms, lzcnt, ht, tsc, tscinvbit, bmi1, bmi2

Memory: 4k page, physical 8264612k(3269484k free), swap 11410340k(5180k free)

vm_info: Java HotSpot(TM) 64-Bit Server VM (25.91-b14) for windows-amd64 JRE (1.8.0_91-b14), built on Apr  1 2016 00:58:32 by "java_re" with MS VC++ 10.0 (VS2010)

time: Mon Dec 26 23:50:36 2016
elapsed time: 0 seconds (0d 0h 0m 0s)

